<?xml version="1.0" encoding="UTF-8"?>
<!-- Generated by org.testng.reporters.JUnitReportReporter -->
<testsuite skipped="0" hostname="Nithesh-Gowda" name="com.Rest.Test.GetAllProject" tests="1" failures="0" timestamp="20 Aug 2020 05:30:13 GMT" time="7.108" errors="0">
  <testcase name="getAllproject" time="7.108" classname="com.Rest.Test.GetAllProject"/>
</testsuite> <!-- com.Rest.Test.GetAllProject -->
