<?xml version="1.0" encoding="UTF-8"?>
<!-- Generated by org.testng.reporters.JUnitReportReporter -->
<testsuite skipped="0" hostname="Nithesh-Gowda" name="com.Rest.Test.CreateProjectRMG" tests="1" failures="0" timestamp="13 Sep 2020 13:37:04 GMT" time="8.494" errors="0">
  <testcase name="createProjeect" time="8.494" classname="com.Rest.Test.CreateProjectRMG"/>
</testsuite> <!-- com.Rest.Test.CreateProjectRMG -->
