<?xml version="1.0" encoding="UTF-8"?>
<!-- Generated by org.testng.reporters.JUnitReportReporter -->
<testsuite skipped="0" hostname="Nithesh-Gowda" name="com.Rest.Test.GetGmailUser" tests="1" failures="0" timestamp="15 Sep 2020 07:32:43 GMT" time="8.552" errors="0">
  <testcase name="GmailTest" time="8.552" classname="com.Rest.Test.GetGmailUser"/>
</testsuite> <!-- com.Rest.Test.GetGmailUser -->
