<?xml version="1.0" encoding="UTF-8"?>
<!-- Generated by org.testng.reporters.JUnitReportReporter -->
<testsuite skipped="0" hostname="Nithesh-Gowda" name="com.Rest.Test.PostReq" tests="1" failures="0" timestamp="11 Sep 2020 07:03:46 GMT" time="29.342" errors="0">
  <testcase name="postReqTest" time="29.342" classname="com.Rest.Test.PostReq"/>
</testsuite> <!-- com.Rest.Test.PostReq -->
