<?xml version="1.0" encoding="UTF-8"?>
<!-- Generated by org.testng.reporters.JUnitReportReporter -->
<testsuite skipped="0" hostname="Nithesh-Gowda" name="com.Rest.Test.CreateProject" tests="1" failures="0" timestamp="20 Aug 2020 04:42:21 GMT" time="4.340" errors="0">
  <testcase name="createProject" time="4.340" classname="com.Rest.Test.CreateProject"/>
</testsuite> <!-- com.Rest.Test.CreateProject -->
